<?xml version="1.0" encoding="UTF-8"?>
<!-- Generated by org.testng.reporters.JUnitXMLReporter -->
<testsuite ignored="0" hostname="INLEN8520016844" failures="6" tests="29" name="Test" time="5.783" errors="0" timestamp="2022-03-19T15:10:50 IST">
  <testcase classname="MAVENP.Testng5" name="Sample" time="0.007">
    <failure type="java.lang.AssertionError" message="expected [7] but found [5]">
      <![CDATA[java.lang.AssertionError: expected [7] but found [5]
at MAVENP.Testng5.Sample(Testng5.java:9)
at java.base/java.util.ArrayList.forEach(ArrayList.java:1511)
... Removed 33 stack frames]]>
    </failure>
  </testcase> <!-- Sample -->
  <testcase classname="MAVENP.Testng4" name="shashi" time="0.001">
    <skipped/>
  </testcase> <!-- shashi -->
  <testcase classname="MAVENP.Testng3" name="Shahsi" time="0.001">
    <failure type="java.lang.ArithmeticException" message="/ by zero">
      <![CDATA[java.lang.ArithmeticException: / by zero
at MAVENP.Testng3.Shahsi(Testng3.java:8)
at java.base/java.util.ArrayList.forEach(ArrayList.java:1511)
... Removed 27 stack frames]]>
    </failure>
  </testcase> <!-- Shahsi -->
  <testcase classname="MAVENP.Testng2" name="ample" time="0.001"/>
  <testcase classname="MAVENP.Testng8" name="Test" time="0.001">
    <failure type="java.lang.AssertionError" message="expected [false] but found [true]">
      <![CDATA[java.lang.AssertionError: expected [false] but found [true]
at MAVENP.Testng8.Test(Testng8.java:10)
at java.base/java.util.ArrayList.forEach(ArrayList.java:1511)
... Removed 31 stack frames]]>
    </failure>
  </testcase> <!-- Test -->
  <testcase classname="MAVENP.Testng6" name="Test" time="0.0"/>
  <testcase classname="MAVENP.Testng2_1_1" name="testHome" time="0.002"/>
  <testcase classname="MAVENP.Testng2_1_1" name="testRegistration" time="0.001"/>
  <testcase classname="MAVENP.Testng2_1_1" name="testLogin" time="0.0"/>
  <testcase classname="MAVENP.Testng10" name="testHome" time="0.001"/>
  <testcase classname="MAVENP.Testng10" name="testLogin" time="0.0"/>
  <testcase classname="MAVENP.Testng10" name="testRegistration" time="0.001"/>
  <testcase classname="shahsi.shashi2" name="saaample" time="0.0"/>
  <testcase classname="MAVENP.Testng2_1_3" name="testHome" time="0.001"/>
  <testcase classname="MAVENP.Testng2_1_3" name="testRegistration" time="0.001"/>
  <testcase classname="MAVENP.Testng2_1_3" name="testLogin" time="0.001"/>
  <testcase classname="MAVENP.Testng9_1" name="Test" time="0.001">
    <failure type="java.lang.AssertionError" message="shashi">
      <![CDATA[java.lang.AssertionError: shashi
at MAVENP.Testng9_1.Test(Testng9_1.java:13)
at java.base/java.util.ArrayList.forEach(ArrayList.java:1511)
... Removed 28 stack frames]]>
    </failure>
  </testcase> <!-- Test -->
  <testcase classname="MAVENP.Testng9_2" name="Test" time="0.001"/>
  <testcase classname="shahsi.shashi1" name="saample" time="0.0"/>
  <testcase classname="MAVENP.Testng10_1" name="testHome" time="0.0"/>
  <testcase classname="MAVENP.Testng10_1" name="testRegistration" time="0.001"/>
  <testcase classname="MAVENP.Testng10_1" name="testLogin" time="0.0"/>
  <testcase classname="MAVENP.Tsetng2_1_2" name="testHome" time="0.001"/>
  <testcase classname="MAVENP.Tsetng2_1_2" name="testRegistration" time="0.0"/>
  <testcase classname="MAVENP.Tsetng2_1_2" name="testLogin" time="0.0"/>
  <testcase classname="MAVENP.Testng5_1" name="Sample" time="0.001"/>
  <testcase classname="MAVENP.TestNg1" name="sampleAutomtion" time="5.678">
    <failure type="org.openqa.selenium.WebDriverException" message="unknown error: net::ERR_INTERNET_DISCONNECTED
  (Session info: chrome=99.0.4844.74)
Build info: version: &amp;apos;4.1.2&amp;apos;, revision: &amp;apos;9a5a329c5a&amp;apos;
System info: host: &amp;apos;INLEN8520016844&amp;apos;, ip: &amp;apos;127.0.0.1&amp;apos;, os.name: &amp;apos;Windows 10&amp;apos;, os.arch: &amp;apos;amd64&amp;apos;, os.version: &amp;apos;10.0&amp;apos;, java.version: &amp;apos;16&amp;apos;
Driver info: org.openqa.selenium.chrome.ChromeDriver
Command: [c09d1b2da89b640bacda651410bfde25, get {url=http://omayo.blogspot.com/}]
Capabilities {acceptInsecureCerts: false, browserName: chrome, browserVersion: 99.0.4844.74, chrome: {chromedriverVersion: 99.0.4844.17 (395f87df02eed..., userDataDir: C:\Users\sranjank\AppData\L...}, goog:chromeOptions: {debuggerAddress: localhost:60840}, javascriptEnabled: true, networkConnectionEnabled: false, pageLoadStrategy: normal, platform: WINDOWS, platformName: WINDOWS, proxy: Proxy(), se:cdp: ws://localhost:60840/devtoo..., se:cdpVersion: 99.0.4844.74, setWindowRect: true, strictFileInteractability: false, timeouts: {implicit: 0, pageLoad: 300000, script: 30000}, unhandledPromptBehavior: dismiss and notify, webauthn:extension:credBlob: true, webauthn:extension:largeBlob: true, webauthn:virtualAuthenticators: true}
Session ID: c09d1b2da89b640bacda651410bfde25">
      <![CDATA[org.openqa.selenium.WebDriverException: unknown error: net::ERR_INTERNET_DISCONNECTED
  (Session info: chrome=99.0.4844.74)
Build info: version: '4.1.2', revision: '9a5a329c5a'
System info: host: 'INLEN8520016844', ip: '127.0.0.1', os.name: 'Windows 10', os.arch: 'amd64', os.version: '10.0', java.version: '16'
Driver info: org.openqa.selenium.chrome.ChromeDriver
Command: [c09d1b2da89b640bacda651410bfde25, get {url=http://omayo.blogspot.com/}]
Capabilities {acceptInsecureCerts: false, browserName: chrome, browserVersion: 99.0.4844.74, chrome: {chromedriverVersion: 99.0.4844.17 (395f87df02eed..., userDataDir: C:\Users\sranjank\AppData\L...}, goog:chromeOptions: {debuggerAddress: localhost:60840}, javascriptEnabled: true, networkConnectionEnabled: false, pageLoadStrategy: normal, platform: WINDOWS, platformName: WINDOWS, proxy: Proxy(), se:cdp: ws://localhost:60840/devtoo..., se:cdpVersion: 99.0.4844.74, setWindowRect: true, strictFileInteractability: false, timeouts: {implicit: 0, pageLoad: 300000, script: 30000}, unhandledPromptBehavior: dismiss and notify, webauthn:extension:credBlob: true, webauthn:extension:largeBlob: true, webauthn:virtualAuthenticators: true}
Session ID: c09d1b2da89b640bacda651410bfde25
at org.openqa.selenium.remote.codec.w3c.W3CHttpResponseCodec.createException(W3CHttpResponseCodec.java:200)
at org.openqa.selenium.remote.codec.w3c.W3CHttpResponseCodec.decode(W3CHttpResponseCodec.java:133)
at org.openqa.selenium.remote.codec.w3c.W3CHttpResponseCodec.decode(W3CHttpResponseCodec.java:53)
at org.openqa.selenium.remote.HttpCommandExecutor.execute(HttpCommandExecutor.java:184)
at org.openqa.selenium.remote.service.DriverCommandExecutor.invokeExecute(DriverCommandExecutor.java:167)
at org.openqa.selenium.remote.service.DriverCommandExecutor.execute(DriverCommandExecutor.java:142)
at org.openqa.selenium.remote.RemoteWebDriver.execute(RemoteWebDriver.java:558)
at org.openqa.selenium.remote.RemoteWebDriver.get(RemoteWebDriver.java:327)
at MAVENP.TestNg1.sampleAutomtion(TestNg1.java:19)
at java.base/java.util.ArrayList.forEach(ArrayList.java:1511)
... Removed 32 stack frames]]>
    </failure>
  </testcase> <!-- sampleAutomtion -->
  <testcase classname="MAVENP.Testng6_1" name="Test" time="0.002">
    <failure type="java.lang.AssertionError" message="expected [true] but found [false]">
      <![CDATA[java.lang.AssertionError: expected [true] but found [false]
at MAVENP.Testng6_1.Test(Testng6_1.java:10)
at java.base/java.util.ArrayList.forEach(ArrayList.java:1511)
... Removed 31 stack frames]]>
    </failure>
  </testcase> <!-- Test -->
  <testcase classname="MAVENP.Testng7_1" name="Test" time="0.0"/>
</testsuite> <!-- Test -->
